[0m[33mInstalling Lanzaboote to "/boot"...
[0m[0m[33mCollecting garbage...
[0m[0m[33mSuccessfully installed Lanzaboote.
[0mstopping the following units: accounts-daemon.service
NOT restarting the following changed units: systemd-fsck@dev-disk-by\x2duuid-3CD3\x2dFBF0.service
activating the configuration...
setting up /etc...
restarting systemd...
reloading user units for still...
setting up tmpfiles
reloading the following units: dbus.service
restarting the following units: polkit.service
starting the following units: accounts-daemon.service
the following new units were started: fwupd-efi.service, fwupd-refresh.service, fwupd.service
vice.drv
  /nix/store/kq8bi09j4lr2avz67pdh2g2vkkwqdcvz-unit-script-panic-on-fail-start.drv
  /nix/store/4gkk6jl04328shkmy4gd09zq5z4w7kwx-unit-panic-on-fail.service.drv
  /nix/store/gyw7akca30zi6yaljisrzpcnp58sjhwb-unit-initrd.target.drv
  /nix/store/k2pklmqzask33k93920lh93a82nw422y-unit-systemd-tmpfiles-setup-dev.service.drv
  /nix/store/dnjr2xjqphql1cvzxq8104ffxz18nw2w-initrd-fstab.drv
  /nix/store/n5if80bz4hmxmavd2dxvbcr09r2r4i1c-unit-initrd-parse-etc.service.drv
  /nix/store/ydhp2fmsdpx0xkjmb4asqv9dl7i94s62-unit-initrd-nixos-activation.service.drv
  /nix/store/7m07hpm0w61bjc3x8h0xlhfrsd8h4b28-initrd-units.drv
  /nix/store/8h4m8g0qrn41j6ij7bkgsx9wy4l26g4z-initrd-bin-env.drv
  /nix/store/ahvznxxff8ljyrvcd27fpq9454vh65zl-initrd-shells.drv
  /nix/store/fp73iw2bcp623fbq63yhgq52mp74fy60-initrd-group.drv
  /nix/store/i9iml9bmfb2jk99j0p4bfqzdggn96d2d-initrd-crypttab.drv
  /nix/store/j6crsrdiida28zjpwyhkga01abbrbslp-initrd-system.conf.drv
  /nix/store/xhvhm99v55f1y1hhimqdgvkim7rnhgx8-initrd-udev-rules.drv
  /nix/store/qnbcml8cfhaiswmjhv92gdniz53ch08j-initrd-udev-rules.drv
  /nix/store/y7dd2nxkph7cl7dn5qj8dy35vid8bc5k-initrd-nixos.conf.drv
  /nix/store/ylif6l18s1441nd60nc57b1lrlk7pgbl-linux-6.1.79-modules-shrunk.drv
  /nix/store/slcbbmsk2hyhd0h356sv5bkrvk35hf8z-initrd-linux-6.1.79.drv
  /nix/store/i8vajcby9a921wvd0h6ivc8jicxkvb7z-boot.json.drv
  /nix/store/589xdpgavfx32fa4zxqwbks2wk73w99r-system_fish-completions.drv
  /nix/store/rf2igl44kyvlgkxf7zbnpv6gpa3blrkj-system-path.drv
  /nix/store/5pfglsm63n5px1vpn7288vqp5cm94nf4-dbus-1.drv
  /nix/store/5dpn8dd63xrrhkx2c8cwvbalm4q4wv4x-X-Restart-Triggers-dbus.drv
  /nix/store/n65gx58hnw5q7rqj6jn83s03244whsyc-unit-dbus.service.drv
  /nix/store/aync9dclb5vbdd85y8fbdssmxd1m2bwm-user-units.drv
  /nix/store/cjk29hxykx4fnh9qm9rbbz6yf5psjdh4-unit-dbus.service.drv
  /nix/store/9y9j0zb906dicw6f4xb46i44x8d3yics-X-Restart-Triggers-polkit.drv
  /nix/store/cpv58m6jr8hysbh8c9kzrkrak6hxbxnp-unit-polkit.service.drv
  /nix/store/n20k4443gbwigf34n4bb1v6w9k20i3lb-unit-accounts-daemon.service.drv
  /nix/store/p4mndg95z1s26qallp04gcf9q3r14yd5-unit-systemd-makefs-.service.drv
  /nix/store/pk1s47fvf22nawdxmm3sv9jipkmha7jc-unit-systemd-fsck-.service.drv
  /nix/store/jh8zpx3vkzffsdkfk6cf770da7mlp03f-system-units.drv
  /nix/store/mbdwgzsf65rhswbxppzz437izmjiwffc-etc-nix-registry.json.drv
  /nix/store/66z0djn68gmfyma722r6sjdpyr9849cm-man-paths.drv
  /nix/store/br6i5hf3qm0i5lsrqbvg1xc1ahf2hnxs-man-cache.drv
  /nix/store/n5v4x6sqzbn7vc47dgwa84kn9p7b96rd-etc-man_db.conf.drv
  /nix/store/yds6cnjs08rk15qln8viv4b5dcyym6bh-etc-systemd-system.conf.drv
  /nix/store/pryqdzpkga5i6kpfx2ar72kjhfd74wzi-etc.drv
  /nix/store/1q8vbw0lsib08gkj7dfhl85xslawdyfw-nixos-system-xps-23.11.20240229.068d4db.drv
these 2 paths will be fetched (0.00 MiB download, 0.00 MiB unpacked):
  /nix/store/47s0mxvcicncycb9lfvri660k8fm1hxz-initrd-kmod-blacklist-ubuntu
  /nix/store/pxz8hjsdh40svl2205h066yxb39s72hz-initrd-udev-rules
building '/nix/store/rf2igl44kyvlgkxf7zbnpv6gpa3blrkj-system-path.drv'...
copying path '/nix/store/47s0mxvcicncycb9lfvri660k8fm1hxz-initrd-kmod-blacklist-ubuntu' from 'https://cache.nixos.org'...
building '/nix/store/mbdwgzsf65rhswbxppzz437izmjiwffc-etc-nix-registry.json.drv'...
building '/nix/store/yds6cnjs08rk15qln8viv4b5dcyym6bh-etc-systemd-system.conf.drv'...
building '/nix/store/589xdpgavfx32fa4zxqwbks2wk73w99r-system_fish-completions.drv'...
building '/nix/store/pk1s47fvf22nawdxmm3sv9jipkmha7jc-unit-systemd-fsck-.service.drv'...
building '/nix/store/p4mndg95z1s26qallp04gcf9q3r14yd5-unit-systemd-makefs-.service.drv'...
building '/nix/store/5kh5zk8zz6lilznr89y07mnxbn9kd0bd-initrd-.keep.drv'...
building '/nix/store/8h4m8g0qrn41j6ij7bkgsx9wy4l26g4z-initrd-bin-env.drv'...
building '/nix/store/i9iml9bmfb2jk99j0p4bfqzdggn96d2d-initrd-crypttab.drv'...
building '/nix/store/dnjr2xjqphql1cvzxq8104ffxz18nw2w-initrd-fstab.drv'...
building '/nix/store/fp73iw2bcp623fbq63yhgq52mp74fy60-initrd-group.drv'...
building '/nix/store/3pdanrrrrqiv9rkxxcxf8lp51d6z68nx-initrd-nixos.conf.drv'...
copying path '/nix/store/pxz8hjsdh40svl2205h066yxb39s72hz-initrd-udev-rules' from 'https://cache.nixos.org'...
building '/nix/store/y7dd2nxkph7cl7dn5qj8dy35vid8bc5k-initrd-nixos.conf.drv'...
building '/nix/store/1bxh2aqbmadx6ryc48hlknmcrif8gk8q-initrd-passwd.drv'...
building '/nix/store/7baz4ds3yjs020sygpq89d02gziwpd48-initrd-release.drv'...
building '/nix/store/1x23xcpkhb0mbmmirj2qrrd2r5i7fry6-initrd-shadow.drv'...
building '/nix/store/ahvznxxff8ljyrvcd27fpq9454vh65zl-initrd-shells.drv'...
building '/nix/store/xhvhm99v55f1y1hhimqdgvkim7rnhgx8-initrd-udev-rules.drv'...
building '/nix/store/ylif6l18s1441nd60nc57b1lrlk7pgbl-linux-6.1.79-modules-shrunk.drv'...
building '/nix/store/66z0djn68gmfyma722r6sjdpyr9849cm-man-paths.drv'...
building '/nix/store/29qdwi5ral45lw3jy4ag5cl2kiksrm5r-unit-initrd-switch-root.service.drv'...
building '/nix/store/j6crsrdiida28zjpwyhkga01abbrbslp-initrd-system.conf.drv'...
building '/nix/store/n5if80bz4hmxmavd2dxvbcr09r2r4i1c-unit-initrd-parse-etc.service.drv'...
building '/nix/store/gyw7akca30zi6yaljisrzpcnp58sjhwb-unit-initrd.target.drv'...
building '/nix/store/6dn5y0zqmhhy8zd30ril98mxf97lanal-unit-script-initrd-nixos-activation-start.drv'...
building '/nix/store/kq8bi09j4lr2avz67pdh2g2vkkwqdcvz-unit-script-panic-on-fail-start.drv'...
building '/nix/store/k2pklmqzask33k93920lh93a82nw422y-unit-systemd-tmpfiles-setup-dev.service.drv'...
building '/nix/store/qnbcml8cfhaiswmjhv92gdniz53ch08j-initrd-udev-rules.drv'...
building '/nix/store/ydhp2fmsdpx0xkjmb4asqv9dl7i94s62-unit-initrd-nixos-activation.service.drv'...
building '/nix/store/4gkk6jl04328shkmy4gd09zq5z4w7kwx-unit-panic-on-fail.service.drv'...
building '/nix/store/br6i5hf3qm0i5lsrqbvg1xc1ahf2hnxs-man-cache.drv'...
building '/nix/store/7m07hpm0w61bjc3x8h0xlhfrsd8h4b28-initrd-units.drv'...
building '/nix/store/9y9j0zb906dicw6f4xb46i44x8d3yics-X-Restart-Triggers-polkit.drv'...
building '/nix/store/5pfglsm63n5px1vpn7288vqp5cm94nf4-dbus-1.drv'...
building '/nix/store/n20k4443gbwigf34n4bb1v6w9k20i3lb-unit-accounts-daemon.service.drv'...
building '/nix/store/5dpn8dd63xrrhkx2c8cwvbalm4q4wv4x-X-Restart-Triggers-dbus.drv'...
building '/nix/store/cpv58m6jr8hysbh8c9kzrkrak6hxbxnp-unit-polkit.service.drv'...
building '/nix/store/cjk29hxykx4fnh9qm9rbbz6yf5psjdh4-unit-dbus.service.drv'...
building '/nix/store/n65gx58hnw5q7rqj6jn83s03244whsyc-unit-dbus.service.drv'...
building '/nix/store/jh8zpx3vkzffsdkfk6cf770da7mlp03f-system-units.drv'...
building '/nix/store/aync9dclb5vbdd85y8fbdssmxd1m2bwm-user-units.drv'...
building '/nix/store/slcbbmsk2hyhd0h356sv5bkrvk35hf8z-initrd-linux-6.1.79.drv'...
building '/nix/store/i8vajcby9a921wvd0h6ivc8jicxkvb7z-boot.json.drv'...
building '/nix/store/n5v4x6sqzbn7vc47dgwa84kn9p7b96rd-etc-man_db.conf.drv'...
building '/nix/store/pryqdzpkga5i6kpfx2ar72kjhfd74wzi-etc.drv'...
building '/nix/store/1q8vbw0lsib08gkj7dfhl85xslawdyfw-nixos-system-xps-23.11.20240229.068d4db.drv'...
